<?xml version="1.0" encoding="UTF-8"?>
<testsuite name="com.certificacion.sophos.utest.runners.RegisterUser" tests="0" skipped="0" failures="0" errors="0" timestamp="1970-01-01T00:00:00" hostname="DESKTOP-Q4894V4" time="0.0">
  <properties/>
  <system-out><![CDATA[
?[31mFailed scenarios:?[0m
?[31msrc/test/resources/feature/regiserteruser.feature:2 ?[0m# register the user new

1 Scenarios (?[31m1 failed?[0m)
3 Steps (?[31m1 failed?[0m, ?[36m1 skipped?[0m, ?[32m1 passed?[0m)
3m5.328s

java.lang.NullPointerException
	at org.openqa.selenium.support.ui.Quotes.escape(Quotes.java:42)
	at org.openqa.selenium.support.ui.Select.selectByVisibleText(Select.java:113)
	at net.serenitybdd.core.pages.DropdownSelector.byVisibleText(DropdownSelector.java:19)
	at net.serenitybdd.core.pages.WebElementFacadeImpl.selectByVisibleText(WebElementFacadeImpl.java:914)
	at com.certificacion.sophos.utest.tasks.DataPersonal.performAs(DataPersonal.java:31)
	at com.certificacion.sophos.utest.tasks.DataPersonal$$EnhancerByCGLIB$$c48530c1.CGLIB$performAs$0(<generated>)
	at com.certificacion.sophos.utest.tasks.DataPersonal$$EnhancerByCGLIB$$c48530c1$$FastClassByCGLIB$$904a0388.invoke(<generated>)
	at net.sf.cglib.proxy.MethodProxy.invokeSuper(MethodProxy.java:228)
	at net.thucydides.core.steps.StepInterceptor.invokeMethod(StepInterceptor.java:478)
	at net.thucydides.core.steps.StepInterceptor.executeTestStepMethod(StepInterceptor.java:463)
	at net.thucydides.core.steps.StepInterceptor.runTestStep(StepInterceptor.java:438)
	at net.thucydides.core.steps.StepInterceptor.runOrSkipMethod(StepInterceptor.java:179)
	at net.thucydides.core.steps.StepInterceptor.testStepResult(StepInterceptor.java:166)
	at net.thucydides.core.steps.StepInterceptor.intercept(StepInterceptor.java:72)
	at com.certificacion.sophos.utest.tasks.DataPersonal$$EnhancerByCGLIB$$c48530c1.performAs(<generated>)
	at net.serenitybdd.screenplay.Actor.performTask(Actor.java:233)
	at net.serenitybdd.screenplay.Actor.perform(Actor.java:214)
	at net.serenitybdd.screenplay.Actor.attemptsTo(Actor.java:171)
	at com.certificacion.sophos.utest.stepdefinitions.RegisterUsersStepdefinitions.youMustFillOutTheForm(RegisterUsersStepdefinitions.java:38)
	at ?.You must fill out the form(src/test/resources/feature/regiserteruser.feature:4)

]]></system-out>
  <system-err><![CDATA[SLF4J: Failed to load class "org.slf4j.impl.StaticLoggerBinder".
SLF4J: Defaulting to no-operation (NOP) logger implementation
SLF4J: See http://www.slf4j.org/codes.html#StaticLoggerBinder for further details.
]]></system-err>
</testsuite>
